<?xml version="1.0" encoding="UTF-8"?>
<testsuite name="baeldungtree.BinaryTreeTest" tests="1" skipped="0" failures="0" errors="0" timestamp="2021-08-16T15:27:19" hostname="Lionels-Air.lan" time="0.011">
  <properties/>
  <testcase name="testOrder()" classname="baeldungtree.BinaryTreeTest" time="0.011"/>
  <system-out><![CDATA[
calling in order method

 3 4 5 6 7 8 9
calling pre-order method

 6 4 3 5 8 7 9
calling level-order method

 6 4 8 3 5 7 9]]></system-out>
  <system-err><![CDATA[]]></system-err>
</testsuite>
